2019-08-19 11:25:43 DEBUG FilterChainProxy:328 - /employee/driver/TestDriver/show at position 3 of 11 in additional filter chain; firing Filter: 'HeaderWriterFilter'
2019-08-19 11:25:43 DEBUG FilterChainProxy:328 - /employee/driver/TestDriver/show at position 4 of 11 in additional filter chain; firing Filter: 'LogoutFilter'
2019-08-19 11:25:43 DEBUG OrRequestMatcher:65 - Trying to match using Ant [pattern='/login/perform_logout', GET]
2019-08-19 11:25:43 DEBUG AntPathRequestMatcher:176 - Checking match of request : '/employee/driver/TestDriver/show'; against '/login/perform_logout'
2019-08-19 11:25:43 DEBUG OrRequestMatcher:65 - Trying to match using Ant [pattern='/login/perform_logout', POST]
2019-08-19 11:25:43 DEBUG AntPathRequestMatcher:156 - Request 'GET /employee/driver/TestDriver/show' doesn't match 'POST /login/perform_logout'
2019-08-19 11:25:43 DEBUG OrRequestMatcher:65 - Trying to match using Ant [pattern='/login/perform_logout', PUT]
2019-08-19 11:25:43 DEBUG AntPathRequestMatcher:156 - Request 'GET /employee/driver/TestDriver/show' doesn't match 'PUT /login/perform_logout'
2019-08-19 11:25:43 DEBUG OrRequestMatcher:65 - Trying to match using Ant [pattern='/login/perform_logout', DELETE]
2019-08-19 11:25:43 DEBUG AntPathRequestMatcher:156 - Request 'GET /employee/driver/TestDriver/show' doesn't match 'DELETE /login/perform_logout'
2019-08-19 11:25:43 DEBUG OrRequestMatcher:72 - No matches found
2019-08-19 11:25:43 DEBUG FilterChainProxy:328 - /employee/driver/TestDriver/show at position 5 of 11 in additional filter chain; firing Filter: 'UsernamePasswordAuthenticationFilter'
2019-08-19 11:25:43 DEBUG AntPathRequestMatcher:156 - Request 'GET /employee/driver/TestDriver/show' doesn't match 'POST /login/perform_login'
2019-08-19 11:25:43 DEBUG FilterChainProxy:328 - /employee/driver/TestDriver/show at position 6 of 11 in additional filter chain; firing Filter: 'RequestCacheAwareFilter'
2019-08-19 11:25:43 DEBUG DefaultSavedRequest:364 - pathInfo: both null (property equals)
2019-08-19 11:25:43 DEBUG DefaultSavedRequest:364 - queryString: both null (property equals)
2019-08-19 11:25:43 DEBUG DefaultSavedRequest:388 - requestURI: arg1=/truck_industry_project_war/; arg2=/truck_industry_project_war/employee/driver/TestDriver/show (property not equals)
2019-08-19 11:25:43 DEBUG HttpSessionRequestCache:95 - saved request doesn't match
2019-08-19 11:25:43 DEBUG FilterChainProxy:328 - /employee/driver/TestDriver/show at position 7 of 11 in additional filter chain; firing Filter: 'SecurityContextHolderAwareRequestFilter'
2019-08-19 11:25:43 DEBUG FilterChainProxy:328 - /employee/driver/TestDriver/show at position 8 of 11 in additional filter chain; firing Filter: 'AnonymousAuthenticationFilter'
2019-08-19 11:25:43 DEBUG AnonymousAuthenticationFilter:106 - SecurityContextHolder not populated with anonymous token, as it already contained: 'org.springframework.security.authentication.UsernamePasswordAuthenticationToken@a926f299: Principal: UserAuthCredentials(userIdentificator=user, userAuthority=ROLE_USER, userPassword=$2a$11$uSXS6rLJ91WjgOHhEGDx..VGs7MkKZV68Lv5r1uwFu7HgtRn3dcXG); Credentials: [PROTECTED]; Authenticated: true; Details: org.springframework.security.web.authentication.WebAuthenticationDetails@21a2c: RemoteIpAddress: 0:0:0:0:0:0:0:1; SessionId: 57E08B84A821B4545CD95F242345F694; Granted Authorities: ROLE_USER'
2019-08-19 11:25:43 DEBUG FilterChainProxy:328 - /employee/driver/TestDriver/show at position 9 of 11 in additional filter chain; firing Filter: 'SessionManagementFilter'
2019-08-19 11:25:43 DEBUG FilterChainProxy:328 - /employee/driver/TestDriver/show at position 10 of 11 in additional filter chain; firing Filter: 'ExceptionTranslationFilter'
2019-08-19 11:25:43 DEBUG FilterChainProxy:328 - /employee/driver/TestDriver/show at position 11 of 11 in additional filter chain; firing Filter: 'FilterSecurityInterceptor'
2019-08-19 11:25:43 DEBUG AntPathRequestMatcher:176 - Checking match of request : '/employee/driver/TestDriver/show'; against '/login/**'
2019-08-19 11:25:43 DEBUG AntPathRequestMatcher:176 - Checking match of request : '/employee/driver/TestDriver/show'; against '/resources/**'
2019-08-19 11:25:43 DEBUG AntPathRequestMatcher:176 - Checking match of request : '/employee/driver/TestDriver/show'; against '/error/**'
2019-08-19 11:25:43 DEBUG AntPathRequestMatcher:176 - Checking match of request : '/employee/driver/TestDriver/show'; against '/employee/**'
2019-08-19 11:25:43 DEBUG FilterSecurityInterceptor:219 - Secure object: FilterInvocation: URL: /employee/driver/TestDriver/show; Attributes: [hasRole('ROLE_USER')]
2019-08-19 11:25:43 DEBUG FilterSecurityInterceptor:348 - Previously Authenticated: org.springframework.security.authentication.UsernamePasswordAuthenticationToken@a926f299: Principal: UserAuthCredentials(userIdentificator=user, userAuthority=ROLE_USER, userPassword=$2a$11$uSXS6rLJ91WjgOHhEGDx..VGs7MkKZV68Lv5r1uwFu7HgtRn3dcXG); Credentials: [PROTECTED]; Authenticated: true; Details: org.springframework.security.web.authentication.WebAuthenticationDetails@21a2c: RemoteIpAddress: 0:0:0:0:0:0:0:1; SessionId: 57E08B84A821B4545CD95F242345F694; Granted Authorities: ROLE_USER
2019-08-19 11:25:43 DEBUG AffirmativeBased:66 - Voter: org.springframework.security.web.access.expression.WebExpressionVoter@729b38f2, returned: 1
2019-08-19 11:25:43 DEBUG FilterSecurityInterceptor:243 - Authorization successful
2019-08-19 11:25:43 DEBUG FilterSecurityInterceptor:256 - RunAsManager did not change Authentication object
2019-08-19 11:25:43 DEBUG FilterChainProxy:313 - /employee/driver/TestDriver/show reached end of additional filter chain; proceeding with original chain
2019-08-19 11:25:43 DEBUG DispatcherServlet:90 - GET "/truck_industry_project_war/employee/driver/TestDriver/show", parameters={}
2019-08-19 11:25:43 DEBUG RequestMappingHandlerMapping:420 - Mapped to public org.springframework.web.servlet.ModelAndView com.ishvatov.controller.driver.DriverController.showTruckPage(java.lang.String)
2019-08-19 11:25:43 DEBUG DriverController:46 - Entering: class com.ishvatov.controller.driver.DriverController.showTruckPage
